Build started 7/21/2015 08:37:47.
     1>Project "E:\RockMan-Summer\Megaman\Megaman.vcxproj" on node 2 (Build target(s)).
     1>ClCompile:
         C:\Program Files (x86)\Microsoft Visual Studio 12.0\VC\bin\CL.exe /c /ZI /nologo /W3 /WX- /sdl /Od /Oy- /Gm /EHsc /RTC1 /MDd /GS /fp:precise /Zc:wchar_t /Zc:forScope /Fo"Debug\\" /Fd"Debug\vc120.pdb" /Gd /TP /analyze- /errorReport:prompt Game.cpp
         Game.cpp
         c:\program files (x86)\microsoft directx sdk (june 2010)\include\dinput.h: DIRECTINPUT_VERSION undefined. Defaulting to version 0x0800
       Link:
         C:\Program Files (x86)\Microsoft Visual Studio 12.0\VC\bin\link.exe /ERRORREPORT:PROMPT /OUT:"E:\RockMan-Summer\Debug\Megaman.exe" /INCREMENTAL /NOLOGO dxerr.lib winmm.lib dsound.lib d3dx9.lib d3d9.lib dinput8.lib dxguid.lib kernel32.lib user32.lib gdi32.lib winspool.lib comdlg32.lib advapi32.lib shell32.lib ole32.lib oleaut32.lib uuid.lib odbc32.lib odbccp32.lib kernel32.lib user32.lib gdi32.lib winspool.lib comdlg32.lib advapi32.lib shell32.lib ole32.lib oleaut32.lib uuid.lib odbc32.lib odbccp32.lib /MANIFEST /MANIFESTUAC:"level='asInvoker' uiAccess='false'" /manifest:embed /DEBUG /PDB:"E:\RockMan-Summer\Debug\Megaman.pdb" /TLBID:1 /DYNAMICBASE /NXCOMPAT /IMPLIB:"E:\RockMan-Summer\Debug\Megaman.lib" /MACHINE:X86 Debug\BackGround.obj
         Debug\Bullets.obj
         Debug\Camera.obj
         Debug\Collision.obj
         Debug\CTexture.obj
         Debug\Game.obj
         Debug\GameObject.obj
         Debug\Global.obj
         Debug\Map.obj
         Debug\MContent.obj
         Debug\Megaman.obj
         Debug\MGraphic.obj
         Debug\MKeyboard.obj
         Debug\StaticGameObject.obj
         Debug\Tile.obj
         Debug\Timer.obj
         Debug\WinMain.obj
         Megaman.vcxproj -> E:\RockMan-Summer\Debug\Megaman.exe
     1>Done Building Project "E:\RockMan-Summer\Megaman\Megaman.vcxproj" (Build target(s)).

Build succeeded.

Time Elapsed 00:00:02.48
